0 verbose cli /usr/local/nvm/versions/node/v16.1.0/bin/node /usr/local/nvm/versions/node/v16.1.0/bin/npm
1 info using npm@8.15.0
2 info using node@v16.1.0
3 timing npm:load:whichnode Completed in 0ms
4 timing config:load:defaults Completed in 2ms
5 timing config:load:file:/usr/local/nvm/versions/node/v16.1.0/lib/node_modules/npm/npmrc Completed in 1ms
6 timing config:load:builtin Completed in 1ms
7 timing config:load:cli Completed in 2ms
8 timing config:load:env Completed in 0ms
9 timing config:load:file:/home/user602/.cache/typescript/3.8/.npmrc Completed in 0ms
10 timing config:load:project Completed in 32ms
11 timing config:load:file:/home/user602/.npmrc Completed in 1ms
12 timing config:load:user Completed in 1ms
13 timing config:load:file:/usr/local/nvm/versions/node/v16.1.0/etc/npmrc Completed in 0ms
14 timing config:load:global Completed in 0ms
15 timing config:load:validate Completed in 0ms
16 timing config:load:credentials Completed in 1ms
17 timing config:load:setEnvs Completed in 1ms
18 timing config:load Completed in 42ms
19 timing npm:load:configload Completed in 42ms
20 timing npm:load:mkdirpcache Completed in 2ms
21 timing npm:load:mkdirplogs Completed in 0ms
22 verbose title npm install types-registry@latest
23 verbose argv "install" "--ignore-scripts" "types-registry@latest"
24 timing npm:load:setTitle Completed in 3ms
25 timing config:load:flatten Completed in 4ms
26 timing npm:load:display Completed in 5ms
27 verbose logfile logs-max:10 dir:/home/user602/.npm/_logs
28 verbose logfile /home/user602/.npm/_logs/2022-08-04T07_22_35_229Z-debug-0.log
29 timing npm:load:logFile Completed in 11ms
30 timing npm:load:timers Completed in 0ms
31 timing npm:load:configScope Completed in 0ms
32 timing npm:load Completed in 64ms
33 timing arborist:ctor Completed in 8ms
34 silly logfile done cleaning log files
35 timing arborist:ctor Completed in 0ms
36 timing arborist:ctor Completed in 0ms
37 timing arborist:ctor Completed in 0ms
38 timing idealTree:init Completed in 40ms
39 http fetch GET 200 https://registry.npmjs.org/types-registry 134ms (cache miss)
40 timing idealTree:userRequests Completed in 149ms
41 silly idealTree buildDeps
42 silly fetch manifest types-registry@0.1.603
43 silly placeDep ROOT types-registry@0.1.603 REPLACE for:  want: 0.1.603
44 timing idealTree:#root Completed in 9ms
45 timing idealTree:node_modules/types-registry Completed in 0ms
46 timing idealTree:buildDeps Completed in 11ms
47 timing idealTree:fixDepFlags Completed in 1ms
48 timing idealTree Completed in 201ms
49 timing reify:loadTrees Completed in 202ms
50 timing reify:diffTrees Completed in 1ms
51 silly reify moves {}
52 timing reify:retireShallow Completed in 2ms
53 timing reify:createSparse Completed in 0ms
54 timing reify:loadBundles Completed in 0ms
55 silly audit bulk request { 'types-registry': [ '0.1.603' ] }
56 timing reify:unpack Completed in 1ms
57 timing reify:unretire Completed in 0ms
58 timing build:queue Completed in 1ms
59 timing build:deps Completed in 1ms
60 timing build Completed in 1ms
61 timing reify:build Completed in 1ms
62 timing reify:trash Completed in 0ms
63 timing reify:save Completed in 21ms
64 http fetch GET 200 https://registry.npmjs.org/npm 329ms (cache miss)
65 http fetch POST 200 https://registry.npmjs.org/-/npm/v1/security/advisories/bulk 267ms
66 timing auditReport:getReport Completed in 270ms
67 silly audit report {}
68 timing auditReport:init Completed in 0ms
69 timing reify:audit Completed in 271ms
70 timing reify Completed in 585ms
71 timing command:install Completed in 631ms
72 notice
72 notice New minor version of npm available! 8.15.0 -> 8.16.0
72 notice Changelog: <https://github.com/npm/cli/releases/tag/v8.16.0>
72 notice Run `npm install -g npm@8.16.0` to update!
72 notice
73 verbose exit 0
74 timing npm Completed in 980ms
75 info ok
