0 verbose cli /usr/local/nvm/versions/node/v16.1.0/bin/node /usr/local/nvm/versions/node/v16.1.0/bin/npm
1 info using npm@8.15.0
2 info using node@v16.1.0
3 timing npm:load:whichnode Completed in 0ms
4 timing config:load:defaults Completed in 2ms
5 timing config:load:file:/usr/local/nvm/versions/node/v16.1.0/lib/node_modules/npm/npmrc Completed in 1ms
6 timing config:load:builtin Completed in 1ms
7 timing config:load:cli Completed in 2ms
8 timing config:load:env Completed in 1ms
9 timing config:load:file:/home/user602/.cache/typescript/3.8/.npmrc Completed in 1ms
10 timing config:load:project Completed in 5ms
11 timing config:load:file:/home/user602/.npmrc Completed in 0ms
12 timing config:load:user Completed in 0ms
13 timing config:load:file:/usr/local/nvm/versions/node/v16.1.0/etc/npmrc Completed in 0ms
14 timing config:load:global Completed in 0ms
15 timing config:load:validate Completed in 0ms
16 timing config:load:credentials Completed in 1ms
17 timing config:load:setEnvs Completed in 1ms
18 timing config:load Completed in 14ms
19 timing npm:load:configload Completed in 14ms
20 timing npm:load:mkdirpcache Completed in 6ms
21 timing npm:load:mkdirplogs Completed in 1ms
22 verbose title npm install @types/body-parser@ts3.8 @types/express@ts3.8 @types/chai@ts3.8 @types/mocha@ts3.8 @types/sinon@ts3.8 @types/supertest@ts3.8 @types/accepts@ts3.8 @types/archy@ts3.8 @types/argparse@ts3.8 @types/balanced-match@ts3.8 @types/brace-expansion@ts3.8 @types/braces@ts3.8 @types/bytes@ts3.8 @types/caniuse-lite@ts3.8 @types/check-error@ts3.8 @types/color-convert@ts3.8 @types/color-name@ts3.8 @types/combined-stream@ts3.8 @types/commondir@ts3.8 @types/component-emitter@ts3.8 @types/concat-map@ts3.8 @types/content-disposition@ts3.8 @types/content-type@ts3.8 @types/convert-source-map@ts3.8 @types/cookie@ts3.8 @types/cookie-signature@ts3.8 @types/cookiejar@ts3.8 @types/cross-spawn@ts3.8 @types/debug@ts3.8 @types/deep-eql@ts3.8 @types/depd@ts3.8 @types/destroy@ts3.8 @types/diff@ts3.8 @types/ee-first@ts3.8 @types/encodeurl@ts3.8 @types/escape-html@ts3.8 @types/esprima@ts3.8 @types/etag@ts3.8 @types/extend@ts3.8 @types/fill-range@ts3.8 @types/finalhandler@ts3.8 @types/find-cache-dir@ts3.8 @types/flat@ts3.8 @types/formidable@ts3.8 @types/forwarded@ts3.8 @types/fresh@ts3.8 @types/gensync@ts3.8 @types/get-func-name@ts3.8 @types/glob@ts3.8 @types/glob-parent@ts3.8 @types/graceful-fs@ts3.8 @types/he@ts3.8 @types/html-escaper@ts3.8 @types/http-errors@ts3.8 @types/imurmurhash@ts3.8 @types/inherits@ts3.8 @types/is-glob@ts3.8 @types/is-number@ts3.8 @types/is-typedarray@ts3.8 @types/is-windows@ts3.8 @types/isarray@ts3.8 @types/isexe@ts3.8 @types/istanbul-lib-coverage@ts3.8 @types/istanbul-lib-hook@ts3.8 @types/istanbul-lib-instrument@ts3.8 @types/istanbul-lib-report@ts3.8 @types/istanbul-lib-source-maps@ts3.8 @types/istanbul-reports@ts3.8 @types/js-yaml@ts3.8 @types/jsesc@ts3.8 @types/lodash.flattendeep@ts3.8 @types/lodash.get@ts3.8 @types/media-typer@ts3.8 @types/merge-descriptors@ts3.8 @types/methods@ts3.8 @types/mime@ts3.8 @types/mime-db@ts3.8 @types/mime-types@ts3.8 @types/minimatch@ts3.8 @types/minimist@ts3.8 @types/ms@ts3.8 @types/negotiator@ts3.8 @types/nise@ts3.8 @types/normalize-path@ts3.8 @types/on-finished@ts3.8 @types/once@ts3.8 @types/parseurl@ts3.8 @types/path-is-absolute@ts3.8 @types/pathval@ts3.8 @types/picomatch@ts3.8 @types/proxy-addr@ts3.8 @types/qs@ts3.8 @types/randombytes@ts3.8 @types/range-parser@ts3.8 @types/readable-stream@ts3.8 @types/require-directory@ts3.8 @types/rimraf@ts3.8 @types/safer-buffer@ts3.8 @types/semver@ts3.8 @types/semver-compare@ts3.8 @types/send@ts3.8 @types/serialize-javascript@ts3.8 @types/serve-static@ts3.8 @types/shebang-command@ts3.8 @types/signal-exit@ts3.8 @types/sprintf@ts3.8 @types/sprintf-js@ts3.8 @types/statuses@ts3.8 @types/superagent@ts3.8 @types/supports-color@ts3.8 @types/to-regex-range@ts3.8 @types/type-detect@ts3.8 @types/type-is@ts3.8 @types/typedarray-to-buffer@ts3.8 @types/util-deprecate@ts3.8 @types/utils-merge@ts3.8 @types/uuid@ts3.8 @types/vary@ts3.8 @types/which@ts3.8 @types/workerpool@ts3.8 @types/wrap-ansi@ts3.8 @types/write-file-atomic@ts3.8 @types/yargs@ts3.8 @types/yargs-parser@ts3.8 @types/yargs-unparser@ts3.8 @types/request@ts3.8 @types/node@ts3.8
23 verbose argv "install" "--ignore-scripts" "@types/body-parser@ts3.8" "@types/express@ts3.8" "@types/chai@ts3.8" "@types/mocha@ts3.8" "@types/sinon@ts3.8" "@types/supertest@ts3.8" "@types/accepts@ts3.8" "@types/archy@ts3.8" "@types/argparse@ts3.8" "@types/balanced-match@ts3.8" "@types/brace-expansion@ts3.8" "@types/braces@ts3.8" "@types/bytes@ts3.8" "@types/caniuse-lite@ts3.8" "@types/check-error@ts3.8" "@types/color-convert@ts3.8" "@types/color-name@ts3.8" "@types/combined-stream@ts3.8" "@types/commondir@ts3.8" "@types/component-emitter@ts3.8" "@types/concat-map@ts3.8" "@types/content-disposition@ts3.8" "@types/content-type@ts3.8" "@types/convert-source-map@ts3.8" "@types/cookie@ts3.8" "@types/cookie-signature@ts3.8" "@types/cookiejar@ts3.8" "@types/cross-spawn@ts3.8" "@types/debug@ts3.8" "@types/deep-eql@ts3.8" "@types/depd@ts3.8" "@types/destroy@ts3.8" "@types/diff@ts3.8" "@types/ee-first@ts3.8" "@types/encodeurl@ts3.8" "@types/escape-html@ts3.8" "@types/esprima@ts3.8" "@types/etag@ts3.8" "@types/extend@ts3.8" "@types/fill-range@ts3.8" "@types/finalhandler@ts3.8" "@types/find-cache-dir@ts3.8" "@types/flat@ts3.8" "@types/formidable@ts3.8" "@types/forwarded@ts3.8" "@types/fresh@ts3.8" "@types/gensync@ts3.8" "@types/get-func-name@ts3.8" "@types/glob@ts3.8" "@types/glob-parent@ts3.8" "@types/graceful-fs@ts3.8" "@types/he@ts3.8" "@types/html-escaper@ts3.8" "@types/http-errors@ts3.8" "@types/imurmurhash@ts3.8" "@types/inherits@ts3.8" "@types/is-glob@ts3.8" "@types/is-number@ts3.8" "@types/is-typedarray@ts3.8" "@types/is-windows@ts3.8" "@types/isarray@ts3.8" "@types/isexe@ts3.8" "@types/istanbul-lib-coverage@ts3.8" "@types/istanbul-lib-hook@ts3.8" "@types/istanbul-lib-instrument@ts3.8" "@types/istanbul-lib-report@ts3.8" "@types/istanbul-lib-source-maps@ts3.8" "@types/istanbul-reports@ts3.8" "@types/js-yaml@ts3.8" "@types/jsesc@ts3.8" "@types/lodash.flattendeep@ts3.8" "@types/lodash.get@ts3.8" "@types/media-typer@ts3.8" "@types/merge-descriptors@ts3.8" "@types/methods@ts3.8" "@types/mime@ts3.8" "@types/mime-db@ts3.8" "@types/mime-types@ts3.8" "@types/minimatch@ts3.8" "@types/minimist@ts3.8" "@types/ms@ts3.8" "@types/negotiator@ts3.8" "@types/nise@ts3.8" "@types/normalize-path@ts3.8" "@types/on-finished@ts3.8" "@types/once@ts3.8" "@types/parseurl@ts3.8" "@types/path-is-absolute@ts3.8" "@types/pathval@ts3.8" "@types/picomatch@ts3.8" "@types/proxy-addr@ts3.8" "@types/qs@ts3.8" "@types/randombytes@ts3.8" "@types/range-parser@ts3.8" "@types/readable-stream@ts3.8" "@types/require-directory@ts3.8" "@types/rimraf@ts3.8" "@types/safer-buffer@ts3.8" "@types/semver@ts3.8" "@types/semver-compare@ts3.8" "@types/send@ts3.8" "@types/serialize-javascript@ts3.8" "@types/serve-static@ts3.8" "@types/shebang-command@ts3.8" "@types/signal-exit@ts3.8" "@types/sprintf@ts3.8" "@types/sprintf-js@ts3.8" "@types/statuses@ts3.8" "@types/superagent@ts3.8" "@types/supports-color@ts3.8" "@types/to-regex-range@ts3.8" "@types/type-detect@ts3.8" "@types/type-is@ts3.8" "@types/typedarray-to-buffer@ts3.8" "@types/util-deprecate@ts3.8" "@types/utils-merge@ts3.8" "@types/uuid@ts3.8" "@types/vary@ts3.8" "@types/which@ts3.8" "@types/workerpool@ts3.8" "@types/wrap-ansi@ts3.8" "@types/write-file-atomic@ts3.8" "@types/yargs@ts3.8" "@types/yargs-parser@ts3.8" "@types/yargs-unparser@ts3.8" "@types/request@ts3.8" "@types/node@ts3.8" "--save-dev" "--user-agent" "typesInstaller/3.8.3"
24 timing npm:load:setTitle Completed in 16ms
25 timing config:load:flatten Completed in 4ms
26 timing npm:load:display Completed in 6ms
27 verbose logfile logs-max:10 dir:/home/user602/.npm/_logs
28 verbose logfile /home/user602/.npm/_logs/2022-08-04T07_22_38_992Z-debug-0.log
29 timing npm:load:logFile Completed in 8ms
30 timing npm:load:timers Completed in 0ms
31 timing npm:load:configScope Completed in 0ms
32 timing npm:load Completed in 54ms
33 timing arborist:ctor Completed in 3ms
34 silly logfile done cleaning log files
35 timing idealTree:init Completed in 13ms
36 timing arborist:ctor Completed in 1ms
37 http fetch GET 200 https://registry.npmjs.org/@types%2fcheck-error 427ms (cache miss)
38 http fetch GET 200 https://registry.npmjs.org/@types%2fbraces 438ms (cache miss)
39 http fetch GET 200 https://registry.npmjs.org/@types%2fbrace-expansion 442ms (cache miss)
40 http fetch GET 200 https://registry.npmjs.org/@types%2fbalanced-match 447ms (cache miss)
41 http fetch GET 200 https://registry.npmjs.org/@types%2faccepts 450ms (cache miss)
42 http fetch GET 200 https://registry.npmjs.org/@types%2fcolor-convert 445ms (cache miss)
43 http fetch GET 200 https://registry.npmjs.org/@types%2fcolor-name 445ms (cache miss)
44 http fetch GET 200 https://registry.npmjs.org/@types%2fbytes 465ms (cache miss)
45 http fetch GET 200 https://registry.npmjs.org/@types%2fcomponent-emitter 460ms (cache miss)
46 http fetch GET 200 https://registry.npmjs.org/@types%2fbody-parser 485ms (cache miss)
47 http fetch GET 200 https://registry.npmjs.org/@types%2fsupertest 483ms (cache miss)
48 http fetch GET 200 https://registry.npmjs.org/@types%2fcontent-disposition 478ms (cache miss)
49 http fetch GET 200 https://registry.npmjs.org/@types%2fcontent-type 483ms (cache miss)
50 http fetch GET 200 https://registry.npmjs.org/@types%2fcross-spawn 478ms (cache miss)
51 http fetch GET 200 https://registry.npmjs.org/@types%2fcookie-signature 480ms (cache miss)
52 http fetch GET 200 https://registry.npmjs.org/@types%2fcookiejar 485ms (cache miss)
53 http fetch GET 200 https://registry.npmjs.org/@types%2fdebug 490ms (cache miss)
54 http fetch GET 200 https://registry.npmjs.org/@types%2fexpress 517ms (cache miss)
55 http fetch GET 200 https://registry.npmjs.org/@types%2fdepd 494ms (cache miss)
56 http fetch GET 200 https://registry.npmjs.org/@types%2fdestroy 496ms (cache miss)
57 http fetch GET 200 https://registry.npmjs.org/@types%2fdeep-eql 498ms (cache miss)
58 timing idealTree Completed in 541ms
59 timing command:install Completed in 556ms
60 verbose type tag
61 verbose stack @types/deep-eql: No matching version found for @types/deep-eql@ts3.8.
61 verbose stack     at module.exports (/usr/local/nvm/versions/node/v16.1.0/lib/node_modules/npm/node_modules/npm-pick-manifest/lib/index.js:209:23)
61 verbose stack     at RegistryFetcher.manifest (/usr/local/nvm/versions/node/v16.1.0/lib/node_modules/npm/node_modules/pacote/lib/registry.js:125:22)
61 verbose stack     at async Arborist.[retrieveSpecName] (/usr/local/nvm/versions/node/v16.1.0/lib/node_modules/npm/node_modules/@npmcli/arborist/lib/arborist/build-ideal-tree.js:570:18)
61 verbose stack     at async /usr/local/nvm/versions/node/v16.1.0/lib/node_modules/npm/node_modules/@npmcli/arborist/lib/arborist/build-ideal-tree.js:542:20
61 verbose stack     at async Promise.all (index 29)
61 verbose stack     at async Arborist.[applyUserRequestsToNode] (/usr/local/nvm/versions/node/v16.1.0/lib/node_modules/npm/node_modules/@npmcli/arborist/lib/arborist/build-ideal-tree.js:510:7)
61 verbose stack     at async Arborist.[applyUserRequests] (/usr/local/nvm/versions/node/v16.1.0/lib/node_modules/npm/node_modules/@npmcli/arborist/lib/arborist/build-ideal-tree.js:447:7)
61 verbose stack     at async Arborist.buildIdealTree (/usr/local/nvm/versions/node/v16.1.0/lib/node_modules/npm/node_modules/@npmcli/arborist/lib/arborist/build-ideal-tree.js:217:7)
61 verbose stack     at async Promise.all (index 1)
61 verbose stack     at async Arborist.reify (/usr/local/nvm/versions/node/v16.1.0/lib/node_modules/npm/node_modules/@npmcli/arborist/lib/arborist/reify.js:154:5)
62 verbose cwd /home/user602/.cache/typescript/3.8
63 verbose Linux 5.10.127+
64 verbose node v16.1.0
65 verbose npm  v8.15.0
66 error code ETARGET
67 error notarget No matching version found for @types/deep-eql@ts3.8.
68 error notarget In most cases you or one of your dependencies are requesting
68 error notarget a package version that doesn't exist.
69 verbose exit 1
70 timing npm Completed in 783ms
71 verbose unfinished npm timer reify 1659597759219
72 verbose unfinished npm timer reify:loadTrees 1659597759224
73 verbose unfinished npm timer idealTree:userRequests 1659597759238
74 verbose code 1
75 error A complete log of this run can be found in:
75 error     /home/user602/.npm/_logs/2022-08-04T07_22_38_992Z-debug-0.log
